[03:11:37] [modloading-worker-0/INFO] ========================================
[03:11:37] [modloading-worker-0/INFO] Minecraft: 1.20.1
[03:11:37] [modloading-worker-0/INFO] Side: server
[03:11:37] [modloading-worker-0/INFO] Development: false
[03:11:37] [modloading-worker-0/INFO] Version: 12.1.725
[03:11:37] [modloading-worker-0/INFO] Loader:
[03:11:37] [modloading-worker-0/INFO] - Forge: 47.2.0
[03:11:37] [modloading-worker-0/INFO] Dependencies:
[03:11:37] [modloading-worker-0/INFO] - Cloth Config: 11.1.118
[03:11:37] [modloading-worker-0/INFO] - Architectury: 9.2.14
[03:11:37] [modloading-worker-0/INFO] Mixin: 0.8.5
[03:11:37] [modloading-worker-0/INFO] OS: Linux 6.5.0-1025-azure (amd64)
[03:11:37] [modloading-worker-0/INFO] Java: 21.0.4 (Microsoft)
[03:11:37] [modloading-worker-0/INFO] ========================================
[03:11:37] [modloading-worker-0/INFO] Mods:
[03:11:37] [modloading-worker-0/INFO] - additionalstructures: 4.2.1
[03:11:37] [modloading-worker-0/INFO] - aether: 1.20.1-1.4.2-neoforge
[03:11:37] [modloading-worker-0/INFO] - alexsmobs: 1.22.8
[03:11:37] [modloading-worker-0/INFO] - apexcore: 10.0.0
[03:11:37] [modloading-worker-0/INFO] - architectury: 9.2.14
[03:11:37] [modloading-worker-0/INFO] - badpackets: 0.4.3
[03:11:37] [modloading-worker-0/INFO] - beautify: 2.0.2
[03:11:37] [modloading-worker-0/INFO] - betterdeserttemples: 1.20-Forge-3.0.3
[03:11:37] [modloading-worker-0/INFO] - betterendisland: 1.20-Forge-2.0.6
[03:11:37] [modloading-worker-0/INFO] - betterfortresses: 1.20-Forge-2.0.6
[03:11:37] [modloading-worker-0/INFO] - bettermineshafts: 1.20-Forge-4.0.4
[03:11:37] [modloading-worker-0/INFO] - betterstrongholds: 1.20-Forge-4.0.3
[03:11:37] [modloading-worker-0/INFO] - bettervillage: 3.1.0
[03:11:37] [modloading-worker-0/INFO] - carryon: 2.1.2.7
[03:11:37] [modloading-worker-0/INFO] - cfm: 7.0.0-pre36
[03:11:37] [modloading-worker-0/INFO] - citadel: 2.5.4
[03:11:37] [modloading-worker-0/INFO] - cloth_config: 11.1.118
[03:11:37] [modloading-worker-0/INFO] - commonality: 7.0.0
[03:11:37] [modloading-worker-0/INFO] - coroutil: 1.20.1-1.3.7
[03:11:37] [modloading-worker-0/INFO] - corpse: 1.20.1-1.0.12
[03:11:37] [modloading-worker-0/INFO] - creativecore: 2.11.32
[03:11:37] [modloading-worker-0/INFO] - creeperoverhaul: 3.0.2
[03:11:37] [modloading-worker-0/INFO] - cumulus_menus: 1.20.1-1.0.0-neoforge
[03:11:37] [modloading-worker-0/INFO] - curios: 5.9.1+1.20.1
[03:11:37] [modloading-worker-0/INFO] - do_a_barrel_roll: 3.5.6+1.20.1
[03:11:37] [modloading-worker-0/INFO] - easier_sleeping: 2.1.3
[03:11:37] [modloading-worker-0/INFO] - easymagic: 8.0.1
[03:11:37] [modloading-worker-0/INFO] - easyshulkerboxes: 8.0.2
[03:11:37] [modloading-worker-0/INFO] - ecologics: 2.2.0
[03:11:37] [modloading-worker-0/INFO] - elevatorid: 1.20.1-lex-1.9
[03:11:37] [modloading-worker-0/INFO] - fantasyfurniture: 9.0.0
[03:11:37] [modloading-worker-0/INFO] - forge: 47.2.0
[03:11:37] [modloading-worker-0/INFO] - framework: 0.7.6
[03:11:37] [modloading-worker-0/INFO] - geckolib: 4.4.7
[03:11:37] [modloading-worker-0/INFO] - hole_filler_mod: 1.2.8
[03:11:37] [modloading-worker-0/INFO] - iceandfire: 2.1.13-1.20.1-beta-4
[03:11:37] [modloading-worker-0/INFO] - incendium: 5.3.5
[03:11:37] [modloading-worker-0/INFO] - inventorysorter: 23.0.1
[03:11:37] [modloading-worker-0/INFO] - jade: 11.9.4+forge
[03:11:37] [modloading-worker-0/INFO] - journeymap: 5.10.1
[03:11:37] [modloading-worker-0/INFO] - konkrete: 1.8.0
[03:11:37] [modloading-worker-0/INFO] - libraryferret: 4.0.0
[03:11:37] [modloading-worker-0/INFO] - littleframes: 1.3.9
[03:11:37] [modloading-worker-0/INFO] - mcwbridges: 3.0.0
[03:11:37] [modloading-worker-0/INFO] - mcwroofs: 2.3.0
[03:11:37] [modloading-worker-0/INFO] - mes: 1.3.1-1.20-forge
[03:11:37] [modloading-worker-0/INFO] - minecraft: 1.20.1
[03:11:37] [modloading-worker-0/INFO] - mixinextras: 0.3.2
[03:11:37] [modloading-worker-0/INFO] - mns: 1.0.1-1.20-forge
[03:11:37] [modloading-worker-0/INFO] - mowziesmobs: 1.6.4
[03:11:37] [modloading-worker-0/INFO] - mvs: 4.1.2-1.20-forge
[03:11:37] [modloading-worker-0/INFO] - naturalist: 4.0.3
[03:11:37] [modloading-worker-0/INFO] - nitrogen_internals: 1.20.1-1.0.7-neoforge
[03:11:37] [modloading-worker-0/INFO] - playerrevive: 2.0.26
[03:11:37] [modloading-worker-0/INFO] - plushies: 1.4.0
[03:11:37] [modloading-worker-0/INFO] - puzzlesaccessapi: 8.0.9
[03:11:37] [modloading-worker-0/INFO] - puzzlesapi: 8.1.6
[03:11:37] [modloading-worker-0/INFO] - puzzleslib: 8.1.21
[03:11:37] [modloading-worker-0/INFO] - refurbished_furniture: 1.0.2
[03:11:37] [modloading-worker-0/INFO] - repurposed_structures: 7.1.15+1.20.1-forge
[03:11:37] [modloading-worker-0/INFO] - resourcefulconfig: 2.1.2
[03:11:37] [modloading-worker-0/INFO] - resourcefullib: 2.1.20
[03:11:37] [modloading-worker-0/INFO] - roughlyenoughitems: 12.1.725
[03:11:37] [modloading-worker-0/INFO] - sophisticatedbackpacks: 3.20.5.1044
[03:11:37] [modloading-worker-0/INFO] - sophisticatedcore: 0.6.22.611
[03:11:37] [modloading-worker-0/INFO] - takesapillage: 1.0.3
[03:11:37] [modloading-worker-0/INFO] - tectonic: 2.3.5a
[03:11:37] [modloading-worker-0/INFO] - travelerstitles: 1.20-Forge-4.0.2
[03:11:37] [modloading-worker-0/INFO] - visualworkbench: 8.0.0
[03:11:37] [modloading-worker-0/INFO] - watut: 1.20.1-1.1.1
[03:11:37] [modloading-worker-0/INFO] - wi_zoom: 1.5-MC1.20.1-Forge
[03:11:37] [modloading-worker-0/INFO] - yungsapi: 1.20-Forge-4.0.5
[03:11:37] [modloading-worker-0/INFO] ========================================
[03:11:37] [modloading-worker-0/INFO] [REI] Registered plugin provider AetherREIServerPlugin [aether] for REIPlugin
[03:11:37] [modloading-worker-0/INFO] [REI] Registered plugin provider DefaultPluginImpl [roughlyenoughitems] for REIServerPlugin
[03:11:37] [modloading-worker-0/INFO] [REI] Registered plugin provider DefaultPluginImpl [roughlyenoughitems] for REIPlugin
[03:11:37] [modloading-worker-0/INFO] [REI] Registered plugin provider DefaultRuntimePlugin [roughlyenoughitems] for REIServerPlugin
[03:11:37] [modloading-worker-0/INFO] [REI] Registered plugin provider DefaultRuntimePlugin [roughlyenoughitems] for REIPlugin
[03:11:38] [modloading-worker-0/INFO] [REI] Registered plugin provider AetherREIServerPlugin [aether] for REIServerPlugin
[03:11:59] [Worker-Main-2/DEBUG] [REI] Processed 5 tags in 1.165 ms for minecraft:game_event
[03:11:59] [Worker-Main-1/DEBUG] [REI] Processed 0 tags in 26.34 μs for minecraft:worldgen/flat_level_generator_preset
[03:11:59] [Worker-Main-1/DEBUG] [REI] Processed 2 tags in 34.34 μs for minecraft:cat_variant
[03:11:59] [Worker-Main-2/DEBUG] [REI] Processed 0 tags in 16.50 μs for minecraft:damage_type
[03:11:59] [Worker-Main-2/DEBUG] [REI] Processed 0 tags in 12.03 μs for minecraft:worldgen/structure_set
[03:11:59] [Worker-Main-1/DEBUG] [REI] Processed 95 tags in 1.000 ms for minecraft:entity_type
[03:11:59] [Worker-Main-1/DEBUG] [REI] Processed 4 tags in 33.82 μs for minecraft:instrument
[03:11:59] [Worker-Main-1/DEBUG] [REI] Processed 31 tags in 143.2 μs for minecraft:banner_pattern
[03:11:59] [Worker-Main-1/DEBUG] [REI] Processed 0 tags in 153.4 μs for minecraft:worldgen/biome
[03:11:59] [Worker-Main-3/DEBUG] [REI] Processed 437 tags in 7.437 ms for minecraft:block
[03:11:59] [Worker-Main-2/DEBUG] [REI] Processed 502 tags in 4.034 ms for minecraft:item
[03:11:59] [Worker-Main-2/DEBUG] [REI] Processed 0 tags in 4.769 μs for minecraft:worldgen/world_preset
[03:11:59] [Worker-Main-1/DEBUG] [REI] Processed 0 tags in 16.72 μs for minecraft:worldgen/structure
[03:11:59] [Worker-Main-2/DEBUG] [REI] Processed 3 tags in 95.64 μs for minecraft:point_of_interest_type
[03:11:59] [Worker-Main-2/DEBUG] [REI] Processed 1 tags in 21.27 μs for minecraft:painting_variant
[03:11:59] [Worker-Main-2/DEBUG] [REI] Processed 5 tags in 14.16 μs for minecraft:fluid
[03:12:02] [main/DEBUG] [REI] ========================================
[03:12:02] [main/DEBUG] [REI] REIPlugin starting pre-reload for START.
[03:12:02] [main/DEBUG] [REI] Reloadables (7):
[03:12:02] [main/DEBUG] [REI]  - EntryTypeRegistryImpl
[03:12:02] [main/DEBUG] [REI]  - EntrySettingsAdapterRegistryImpl
[03:12:02] [main/DEBUG] [REI]  - RecipeManagerContextImpl
[03:12:02] [main/DEBUG] [REI]  - ItemComparatorRegistryImpl
[03:12:02] [main/DEBUG] [REI]  - FluidComparatorRegistryImpl
[03:12:02] [main/DEBUG] [REI]  - DisplaySerializerRegistryImpl
[03:12:02] [main/DEBUG] [REI]  - FluidSupportProviderImpl
[03:12:02] [main/DEBUG] [REI] Plugins (3):
[03:12:02] [main/DEBUG] [REI]  - (-100.00) DefaultPluginImpl of DefaultPluginImpl [roughlyenoughitems]
[03:12:02] [main/DEBUG] [REI]  - (0.00) DefaultRuntimePlugin of DefaultRuntimePlugin [roughlyenoughitems]
[03:12:02] [main/DEBUG] [REI]  - (0.00) AetherREIServerPlugin of AetherREIServerPlugin [aether]
[03:12:02] [main/DEBUG] [REI] ========================================
[03:12:02] [main/TRACE] [REI] [REIPlugin START] Reloading Section: "pre-register/"
[03:12:02] [main/TRACE] [REI] [REIPlugin START] Reloading Section: "pre-register/DefaultPluginImpl of DefaultPluginImpl [roughlyenoughitems]/"
[03:12:02] [main/TRACE] [REI] [REIPlugin START] Reloading Section: "pre-register/DefaultPluginImpl of DefaultPluginImpl [roughlyenoughitems]/" done in 847.0 μs
[03:12:02] [main/TRACE] [REI] [REIPlugin START] Reloading Section: "pre-register/DefaultRuntimePlugin of DefaultRuntimePlugin [roughlyenoughitems]/"
[03:12:02] [main/TRACE] [REI] [REIPlugin START] Reloading Section: "pre-register/DefaultRuntimePlugin of DefaultRuntimePlugin [roughlyenoughitems]/" done in 11.74 μs
[03:12:02] [main/TRACE] [REI] [REIPlugin START] Reloading Section: "pre-register/AetherREIServerPlugin of AetherREIServerPlugin [aether]/"
[03:12:02] [main/TRACE] [REI] [REIPlugin START] Reloading Section: "pre-register/AetherREIServerPlugin of AetherREIServerPlugin [aether]/" done in 10.49 μs
[03:12:02] [main/TRACE] [REI] [REIPlugin START] Reloading Section: "pre-register/" done in 12.58 ms
[03:12:02] [main/TRACE] [REI] [REIPlugin START] Reloading Section: "pre-stage/"
[03:12:02] [main/TRACE] [REI] [REIPlugin START] Reloading Section: "pre-stage/EntryTypeRegistryImpl/"
[03:12:02] [main/TRACE] [REI] [REIPlugin START] Reloading Section: "pre-stage/EntryTypeRegistryImpl/" done in 162.6 μs
[03:12:02] [main/TRACE] [REI] [REIPlugin START] Reloading Section: "pre-stage/EntrySettingsAdapterRegistryImpl/"
[03:12:02] [main/TRACE] [REI] [REIPlugin START] Reloading Section: "pre-stage/EntrySettingsAdapterRegistryImpl/" done in 7.834 μs
[03:12:02] [main/TRACE] [REI] [REIPlugin START] Reloading Section: "pre-stage/RecipeManagerContextImpl/"
[03:12:02] [main/TRACE] [REI] [REIPlugin START] Reloading Section: "pre-stage/RecipeManagerContextImpl/" done in 7.875 μs
[03:12:02] [main/TRACE] [REI] [REIPlugin START] Reloading Section: "pre-stage/ItemComparatorRegistryImpl/"
[03:12:02] [main/TRACE] [REI] [REIPlugin START] Reloading Section: "pre-stage/ItemComparatorRegistryImpl/" done in 5.841 μs
[03:12:02] [main/TRACE] [REI] [REIPlugin START] Reloading Section: "pre-stage/FluidComparatorRegistryImpl/"
[03:12:02] [main/TRACE] [REI] [REIPlugin START] Reloading Section: "pre-stage/FluidComparatorRegistryImpl/" done in 6.552 μs
[03:12:02] [main/TRACE] [REI] [REIPlugin START] Reloading Section: "pre-stage/DisplaySerializerRegistryImpl/"
[03:12:02] [main/TRACE] [REI] [REIPlugin START] Reloading Section: "pre-stage/DisplaySerializerRegistryImpl/" done in 6.151 μs
[03:12:02] [main/TRACE] [REI] [REIPlugin START] Reloading Section: "pre-stage/FluidSupportProviderImpl/"
[03:12:02] [main/TRACE] [REI] [REIPlugin START] Reloading Section: "pre-stage/FluidSupportProviderImpl/" done in 6.262 μs
[03:12:02] [main/TRACE] [REI] [REIPlugin START] Reloading Section: "pre-stage/" done in 2.900 ms
[03:12:02] [main/DEBUG] [REI] ========================================
[03:12:02] [main/DEBUG] [REI] REIPlugin finished pre-reload for START in 18.80 ms.
[03:12:02] [main/DEBUG] [REI] ========================================
[03:12:02] [main/DEBUG] [REI] ========================================
[03:12:02] [main/DEBUG] [REI] REIServerPlugin starting pre-reload for START.
[03:12:02] [main/DEBUG] [REI] Reloadables (2):
[03:12:02] [main/DEBUG] [REI]  - MenuInfoRegistryImpl
[03:12:02] [main/DEBUG] [REI]  - SlotAccessorRegistryImpl
[03:12:02] [main/DEBUG] [REI] Plugins (3):
[03:12:02] [main/DEBUG] [REI]  - (-100.00) DefaultPluginImpl of DefaultPluginImpl [roughlyenoughitems]
[03:12:02] [main/DEBUG] [REI]  - (0.00) AetherREIServerPlugin of AetherREIServerPlugin [aether]
[03:12:02] [main/DEBUG] [REI]  - (0.00) DefaultRuntimePlugin of DefaultRuntimePlugin [roughlyenoughitems]
[03:12:02] [main/DEBUG] [REI] ========================================
[03:12:02] [main/TRACE] [REI] [REIServerPlugin START] Reloading Section: "pre-register/"
[03:12:02] [main/TRACE] [REI] [REIServerPlugin START] Reloading Section: "pre-register/DefaultPluginImpl of DefaultPluginImpl [roughlyenoughitems]/"
[03:12:02] [main/TRACE] [REI] [REIServerPlugin START] Reloading Section: "pre-register/DefaultPluginImpl of DefaultPluginImpl [roughlyenoughitems]/" done in 17.69 μs
[03:12:02] [main/TRACE] [REI] [REIServerPlugin START] Reloading Section: "pre-register/AetherREIServerPlugin of AetherREIServerPlugin [aether]/"
[03:12:02] [main/TRACE] [REI] [REIServerPlugin START] Reloading Section: "pre-register/AetherREIServerPlugin of AetherREIServerPlugin [aether]/" done in 19.95 μs
[03:12:02] [main/TRACE] [REI] [REIServerPlugin START] Reloading Section: "pre-register/DefaultRuntimePlugin of DefaultRuntimePlugin [roughlyenoughitems]/"
[03:12:02] [main/TRACE] [REI] [REIServerPlugin START] Reloading Section: "pre-register/DefaultRuntimePlugin of DefaultRuntimePlugin [roughlyenoughitems]/" done in 7.294 μs
[03:12:02] [main/TRACE] [REI] [REIServerPlugin START] Reloading Section: "pre-register/" done in 519.1 μs
[03:12:02] [main/TRACE] [REI] [REIServerPlugin START] Reloading Section: "pre-stage/"
[03:12:02] [main/TRACE] [REI] [REIServerPlugin START] Reloading Section: "pre-stage/MenuInfoRegistryImpl/"
[03:12:02] [main/TRACE] [REI] [REIServerPlugin START] Reloading Section: "pre-stage/MenuInfoRegistryImpl/" done in 6.392 μs
[03:12:02] [main/TRACE] [REI] [REIServerPlugin START] Reloading Section: "pre-stage/SlotAccessorRegistryImpl/"
[03:12:02] [main/TRACE] [REI] [REIServerPlugin START] Reloading Section: "pre-stage/SlotAccessorRegistryImpl/" done in 6.272 μs
[03:12:02] [main/TRACE] [REI] [REIServerPlugin START] Reloading Section: "pre-stage/" done in 324.0 μs
[03:12:02] [main/DEBUG] [REI] ========================================
[03:12:02] [main/DEBUG] [REI] REIServerPlugin finished pre-reload for START in 1.106 ms.
[03:12:02] [main/DEBUG] [REI] ========================================
[03:12:02] [main/INFO] [REI] ----------------------------------------
[03:12:02] [main/INFO] [REI] REIPlugin starting main-reload for START.
[03:12:02] [main/DEBUG] [REI] Reloadables (7):
[03:12:02] [main/DEBUG] [REI]  - EntryTypeRegistryImpl
[03:12:02] [main/DEBUG] [REI]  - EntrySettingsAdapterRegistryImpl
[03:12:02] [main/DEBUG] [REI]  - RecipeManagerContextImpl
[03:12:02] [main/DEBUG] [REI]  - ItemComparatorRegistryImpl
[03:12:02] [main/DEBUG] [REI]  - FluidComparatorRegistryImpl
[03:12:02] [main/DEBUG] [REI]  - DisplaySerializerRegistryImpl
[03:12:02] [main/DEBUG] [REI]  - FluidSupportProviderImpl
[03:12:02] [main/INFO] [REI] Plugins (3):
[03:12:02] [main/INFO] [REI]  - (-100.00) DefaultPluginImpl of DefaultPluginImpl [roughlyenoughitems]
[03:12:02] [main/INFO] [REI]  - (0.00) DefaultRuntimePlugin of DefaultRuntimePlugin [roughlyenoughitems]
[03:12:02] [main/INFO] [REI]  - (0.00) AetherREIServerPlugin of AetherREIServerPlugin [aether]
[03:12:02] [main/INFO] [REI] ----------------------------------------
[03:12:02] [main/TRACE] [REI] [REIPlugin START] Reloading Section: "start-reload/"
[03:12:02] [main/TRACE] [REI] [REIPlugin START] Reloading Section: "start-reload/EntryTypeRegistryImpl/"
[03:12:02] [main/TRACE] [REI] [REIPlugin START] Reloading Section: "start-reload/EntryTypeRegistryImpl/" done in 58.21 μs
[03:12:02] [main/TRACE] [REI] [REIPlugin START] Reloading Section: "start-reload/EntrySettingsAdapterRegistryImpl/"
[03:12:02] [main/TRACE] [REI] [REIPlugin START] Reloading Section: "start-reload/EntrySettingsAdapterRegistryImpl/" done in 10.77 μs
[03:12:02] [main/TRACE] [REI] [REIPlugin START] Reloading Section: "start-reload/RecipeManagerContextImpl/"
[03:12:02] [main/TRACE] [REI] [REIPlugin START] Reloading Section: "start-reload/RecipeManagerContextImpl/" done in 6.632 μs
[03:12:02] [main/TRACE] [REI] [REIPlugin START] Reloading Section: "start-reload/ItemComparatorRegistryImpl/"
[03:12:02] [main/TRACE] [REI] [REIPlugin START] Reloading Section: "start-reload/ItemComparatorRegistryImpl/" done in 26.04 μs
[03:12:02] [main/TRACE] [REI] [REIPlugin START] Reloading Section: "start-reload/FluidComparatorRegistryImpl/"
[03:12:02] [main/TRACE] [REI] [REIPlugin START] Reloading Section: "start-reload/FluidComparatorRegistryImpl/" done in 8.826 μs
[03:12:02] [main/TRACE] [REI] [REIPlugin START] Reloading Section: "start-reload/DisplaySerializerRegistryImpl/"
[03:12:02] [main/TRACE] [REI] [REIPlugin START] Reloading Section: "start-reload/DisplaySerializerRegistryImpl/" done in 6.172 μs
[03:12:02] [main/TRACE] [REI] [REIPlugin START] Reloading Section: "start-reload/FluidSupportProviderImpl/"
[03:12:02] [main/TRACE] [REI] [REIPlugin START] Reloading Section: "start-reload/FluidSupportProviderImpl/" done in 38.94 μs
[03:12:02] [main/TRACE] [REI] [REIPlugin START] Reloading Section: "start-reload/" done in 1.655 ms
[03:12:02] [main/DEBUG] [REI] ========================================
[03:12:02] [main/DEBUG] [REI] REIPlugin started main-reload for START.
[03:12:02] [main/DEBUG] [REI] ========================================
[03:12:02] [main/TRACE] [REI] [REIPlugin START] Reloading Section: "reloadable-plugin/EntryTypeRegistryImpl/"
[03:12:02] [main/TRACE] [REI] [REIPlugin START] Reloading Section: "reloadable-plugin/EntryTypeRegistryImpl/DefaultPluginImpl of DefaultPluginImpl [roughlyenoughitems]/"
[03:12:02] [main/TRACE] [REI] [REIPlugin START] Reloading Section: "reloadable-plugin/EntryTypeRegistryImpl/DefaultPluginImpl of DefaultPluginImpl [roughlyenoughitems]/" done in 263.6 μs
[03:12:02] [main/TRACE] [REI] [REIPlugin START] Reloading Section: "reloadable-plugin/EntryTypeRegistryImpl/DefaultRuntimePlugin of DefaultRuntimePlugin [roughlyenoughitems]/"
[03:12:02] [main/TRACE] [REI] [REIPlugin START] Reloading Section: "reloadable-plugin/EntryTypeRegistryImpl/DefaultRuntimePlugin of DefaultRuntimePlugin [roughlyenoughitems]/" done in 8.745 ms
[03:12:02] [main/TRACE] [REI] [REIPlugin START] Reloading Section: "reloadable-plugin/EntryTypeRegistryImpl/AetherREIServerPlugin of AetherREIServerPlugin [aether]/"
[03:12:02] [main/TRACE] [REI] [REIPlugin START] Reloading Section: "reloadable-plugin/EntryTypeRegistryImpl/AetherREIServerPlugin of AetherREIServerPlugin [aether]/" done in 16.05 μs
[03:12:02] [main/TRACE] [REI] [REIPlugin START] Reloading Section: "reloadable-plugin/EntryTypeRegistryImpl/" done in 10.31 ms
[03:12:02] [main/TRACE] [REI] [REIPlugin START] Reloading Section: "reloadable-plugin/EntrySettingsAdapterRegistryImpl/"
[03:12:02] [main/TRACE] [REI] [REIPlugin START] Reloading Section: "reloadable-plugin/EntrySettingsAdapterRegistryImpl/DefaultPluginImpl of DefaultPluginImpl [roughlyenoughitems]/"
[03:12:02] [main/TRACE] [REI] [REIPlugin START] Reloading Section: "reloadable-plugin/EntrySettingsAdapterRegistryImpl/DefaultPluginImpl of DefaultPluginImpl [roughlyenoughitems]/" done in 11.14 μs
[03:12:02] [main/TRACE] [REI] [REIPlugin START] Reloading Section: "reloadable-plugin/EntrySettingsAdapterRegistryImpl/DefaultRuntimePlugin of DefaultRuntimePlugin [roughlyenoughitems]/"
[03:12:02] [main/TRACE] [REI] [REIPlugin START] Reloading Section: "reloadable-plugin/EntrySettingsAdapterRegistryImpl/DefaultRuntimePlugin of DefaultRuntimePlugin [roughlyenoughitems]/" done in 10.83 μs
[03:12:02] [main/TRACE] [REI] [REIPlugin START] Reloading Section: "reloadable-plugin/EntrySettingsAdapterRegistryImpl/AetherREIServerPlugin of AetherREIServerPlugin [aether]/"
[03:12:02] [main/TRACE] [REI] [REIPlugin START] Reloading Section: "reloadable-plugin/EntrySettingsAdapterRegistryImpl/AetherREIServerPlugin of AetherREIServerPlugin [aether]/" done in 10.75 μs
[03:12:02] [main/TRACE] [REI] [REIPlugin START] Reloading Section: "reloadable-plugin/EntrySettingsAdapterRegistryImpl/" done in 546.2 μs
[03:12:02] [main/TRACE] [REI] [REIPlugin START] Reloading Section: "reloadable-plugin/RecipeManagerContextImpl/"
[03:12:02] [main/TRACE] [REI] [REIPlugin START] Reloading Section: "reloadable-plugin/RecipeManagerContextImpl/DefaultPluginImpl of DefaultPluginImpl [roughlyenoughitems]/"
[03:12:02] [main/TRACE] [REI] [REIPlugin START] Reloading Section: "reloadable-plugin/RecipeManagerContextImpl/DefaultPluginImpl of DefaultPluginImpl [roughlyenoughitems]/" done in 10.98 μs
[03:12:02] [main/TRACE] [REI] [REIPlugin START] Reloading Section: "reloadable-plugin/RecipeManagerContextImpl/DefaultRuntimePlugin of DefaultRuntimePlugin [roughlyenoughitems]/"
[03:12:02] [main/TRACE] [REI] [REIPlugin START] Reloading Section: "reloadable-plugin/RecipeManagerContextImpl/DefaultRuntimePlugin of DefaultRuntimePlugin [roughlyenoughitems]/" done in 10.85 μs
[03:12:02] [main/TRACE] [REI] [REIPlugin START] Reloading Section: "reloadable-plugin/RecipeManagerContextImpl/AetherREIServerPlugin of AetherREIServerPlugin [aether]/"
[03:12:02] [main/TRACE] [REI] [REIPlugin START] Reloading Section: "reloadable-plugin/RecipeManagerContextImpl/AetherREIServerPlugin of AetherREIServerPlugin [aether]/" done in 10.66 μs
[03:12:02] [main/TRACE] [REI] [REIPlugin START] Reloading Section: "reloadable-plugin/RecipeManagerContextImpl/" done in 521.4 μs
[03:12:02] [main/TRACE] [REI] [REIPlugin START] Reloading Section: "reloadable-plugin/ItemComparatorRegistryImpl/"
[03:12:02] [main/TRACE] [REI] [REIPlugin START] Reloading Section: "reloadable-plugin/ItemComparatorRegistryImpl/DefaultPluginImpl of DefaultPluginImpl [roughlyenoughitems]/"
[03:12:02] [main/TRACE] [REI] [REIPlugin START] Reloading Section: "reloadable-plugin/ItemComparatorRegistryImpl/DefaultPluginImpl of DefaultPluginImpl [roughlyenoughitems]/" done in 1.038 ms
[03:12:02] [main/TRACE] [REI] [REIPlugin START] Reloading Section: "reloadable-plugin/ItemComparatorRegistryImpl/DefaultRuntimePlugin of DefaultRuntimePlugin [roughlyenoughitems]/"
[03:12:02] [main/TRACE] [REI] [REIPlugin START] Reloading Section: "reloadable-plugin/ItemComparatorRegistryImpl/DefaultRuntimePlugin of DefaultRuntimePlugin [roughlyenoughitems]/" done in 13.69 μs
[03:12:02] [main/TRACE] [REI] [REIPlugin START] Reloading Section: "reloadable-plugin/ItemComparatorRegistryImpl/AetherREIServerPlugin of AetherREIServerPlugin [aether]/"
[03:12:02] [main/TRACE] [REI] [REIPlugin START] Reloading Section: "reloadable-plugin/ItemComparatorRegistryImpl/AetherREIServerPlugin of AetherREIServerPlugin [aether]/" done in 11.04 μs
[03:12:02] [main/TRACE] [REI] [REIPlugin START] Reloading Section: "reloadable-plugin/ItemComparatorRegistryImpl/" done in 1.600 ms
[03:12:02] [main/TRACE] [REI] [REIPlugin START] Reloading Section: "reloadable-plugin/FluidComparatorRegistryImpl/"
[03:12:02] [main/TRACE] [REI] [REIPlugin START] Reloading Section: "reloadable-plugin/FluidComparatorRegistryImpl/DefaultPluginImpl of DefaultPluginImpl [roughlyenoughitems]/"
[03:12:02] [main/TRACE] [REI] [REIPlugin START] Reloading Section: "reloadable-plugin/FluidComparatorRegistryImpl/DefaultPluginImpl of DefaultPluginImpl [roughlyenoughitems]/" done in 18.51 μs
[03:12:02] [main/TRACE] [REI] [REIPlugin START] Reloading Section: "reloadable-plugin/FluidComparatorRegistryImpl/DefaultRuntimePlugin of DefaultRuntimePlugin [roughlyenoughitems]/"
[03:12:02] [main/TRACE] [REI] [REIPlugin START] Reloading Section: "reloadable-plugin/FluidComparatorRegistryImpl/DefaultRuntimePlugin of DefaultRuntimePlugin [roughlyenoughitems]/" done in 11.24 μs
[03:12:02] [main/TRACE] [REI] [REIPlugin START] Reloading Section: "reloadable-plugin/FluidComparatorRegistryImpl/AetherREIServerPlugin of AetherREIServerPlugin [aether]/"
[03:12:02] [main/TRACE] [REI] [REIPlugin START] Reloading Section: "reloadable-plugin/FluidComparatorRegistryImpl/AetherREIServerPlugin of AetherREIServerPlugin [aether]/" done in 11.26 μs
[03:12:02] [main/TRACE] [REI] [REIPlugin START] Reloading Section: "reloadable-plugin/FluidComparatorRegistryImpl/" done in 525.2 μs
[03:12:02] [main/TRACE] [REI] [REIPlugin START] Reloading Section: "reloadable-plugin/DisplaySerializerRegistryImpl/"
[03:12:02] [main/TRACE] [REI] [REIPlugin START] Reloading Section: "reloadable-plugin/DisplaySerializerRegistryImpl/DefaultPluginImpl of DefaultPluginImpl [roughlyenoughitems]/"
[03:12:02] [main/TRACE] [REI] [REIPlugin START] Reloading Section: "reloadable-plugin/DisplaySerializerRegistryImpl/DefaultPluginImpl of DefaultPluginImpl [roughlyenoughitems]/" done in 10.68 μs
[03:12:02] [main/TRACE] [REI] [REIPlugin START] Reloading Section: "reloadable-plugin/DisplaySerializerRegistryImpl/DefaultRuntimePlugin of DefaultRuntimePlugin [roughlyenoughitems]/"
[03:12:02] [main/TRACE] [REI] [REIPlugin START] Reloading Section: "reloadable-plugin/DisplaySerializerRegistryImpl/DefaultRuntimePlugin of DefaultRuntimePlugin [roughlyenoughitems]/" done in 10.45 μs
[03:12:02] [main/TRACE] [REI] [REIPlugin START] Reloading Section: "reloadable-plugin/DisplaySerializerRegistryImpl/AetherREIServerPlugin of AetherREIServerPlugin [aether]/"
[03:12:02] [main/TRACE] [REI] [REIPlugin START] Reloading Section: "reloadable-plugin/DisplaySerializerRegistryImpl/AetherREIServerPlugin of AetherREIServerPlugin [aether]/" done in 10.20 μs
[03:12:02] [main/TRACE] [REI] [REIPlugin START] Reloading Section: "reloadable-plugin/DisplaySerializerRegistryImpl/" done in 485.2 μs
[03:12:02] [main/TRACE] [REI] [REIPlugin START] Reloading Section: "reloadable-plugin/FluidSupportProviderImpl/"
[03:12:02] [main/TRACE] [REI] [REIPlugin START] Reloading Section: "reloadable-plugin/FluidSupportProviderImpl/DefaultPluginImpl of DefaultPluginImpl [roughlyenoughitems]/"
[03:12:02] [main/TRACE] [REI] [REIPlugin START] Reloading Section: "reloadable-plugin/FluidSupportProviderImpl/DefaultPluginImpl of DefaultPluginImpl [roughlyenoughitems]/" done in 684.8 μs
[03:12:02] [main/TRACE] [REI] [REIPlugin START] Reloading Section: "reloadable-plugin/FluidSupportProviderImpl/DefaultRuntimePlugin of DefaultRuntimePlugin [roughlyenoughitems]/"
[03:12:02] [main/TRACE] [REI] [REIPlugin START] Reloading Section: "reloadable-plugin/FluidSupportProviderImpl/DefaultRuntimePlugin of DefaultRuntimePlugin [roughlyenoughitems]/" done in 33.21 μs
[03:12:02] [main/TRACE] [REI] [REIPlugin START] Reloading Section: "reloadable-plugin/FluidSupportProviderImpl/AetherREIServerPlugin of AetherREIServerPlugin [aether]/"
[03:12:02] [main/TRACE] [REI] [REIPlugin START] Reloading Section: "reloadable-plugin/FluidSupportProviderImpl/AetherREIServerPlugin of AetherREIServerPlugin [aether]/" done in 11.53 μs
[03:12:02] [main/TRACE] [REI] [REIPlugin START] Reloading Section: "reloadable-plugin/FluidSupportProviderImpl/" done in 1.526 ms
[03:12:02] [main/DEBUG] [REI] ========================================
[03:12:02] [main/DEBUG] [REI] REIPlugin ending main-reload for START.
[03:12:02] [main/DEBUG] [REI] ========================================
[03:12:02] [main/TRACE] [REI] [REIPlugin START] Reloading Section: "end-reload/"
[03:12:02] [main/TRACE] [REI] [REIPlugin START] Reloading Section: "end-reload/EntryTypeRegistryImpl/"
[03:12:02] [main/TRACE] [REI] [REIPlugin START] Reloading Section: "end-reload/EntryTypeRegistryImpl/" done in 14.44 μs
[03:12:02] [main/TRACE] [REI] [REIPlugin START] Reloading Section: "end-reload/EntrySettingsAdapterRegistryImpl/"
[03:12:02] [main/TRACE] [REI] [REIPlugin START] Reloading Section: "end-reload/EntrySettingsAdapterRegistryImpl/" done in 6.722 μs
[03:12:02] [main/TRACE] [REI] [REIPlugin START] Reloading Section: "end-reload/RecipeManagerContextImpl/"
[03:12:02] [main/TRACE] [REI] [REIPlugin START] Reloading Section: "end-reload/RecipeManagerContextImpl/" done in 6.302 μs
[03:12:02] [main/TRACE] [REI] [REIPlugin START] Reloading Section: "end-reload/ItemComparatorRegistryImpl/"
[03:12:02] [main/TRACE] [REI] [REIPlugin START] Reloading Section: "end-reload/ItemComparatorRegistryImpl/" done in 6.843 μs
[03:12:02] [main/TRACE] [REI] [REIPlugin START] Reloading Section: "end-reload/FluidComparatorRegistryImpl/"
[03:12:02] [main/TRACE] [REI] [REIPlugin START] Reloading Section: "end-reload/FluidComparatorRegistryImpl/" done in 6.443 μs
[03:12:02] [main/TRACE] [REI] [REIPlugin START] Reloading Section: "end-reload/DisplaySerializerRegistryImpl/"
[03:12:02] [main/TRACE] [REI] [REIPlugin START] Reloading Section: "end-reload/DisplaySerializerRegistryImpl/" done in 6.783 μs
[03:12:02] [main/TRACE] [REI] [REIPlugin START] Reloading Section: "end-reload/FluidSupportProviderImpl/"
[03:12:02] [main/TRACE] [REI] [REIPlugin START] Reloading Section: "end-reload/FluidSupportProviderImpl/" done in 5.921 μs
[03:12:02] [main/TRACE] [REI] [REIPlugin START] Reloading Section: "end-reload/" done in 1.280 ms
[03:12:02] [main/DEBUG] [REI] ========================================
[03:12:02] [main/DEBUG] [REI] REIPlugin ended main-reload for START in 24.61 ms.
[03:12:02] [main/DEBUG] [REI] ========================================
[03:12:02] [main/INFO] [REI] %%%%%%%%%%%%%%%%%%%%%%%%%%%%%%%%%%%%%%%%
[03:12:02] [main/INFO] [REI] REIServerPlugin starting main-reload for START.
[03:12:02] [main/DEBUG] [REI] Reloadables (2):
[03:12:02] [main/DEBUG] [REI]  - MenuInfoRegistryImpl
[03:12:02] [main/DEBUG] [REI]  - SlotAccessorRegistryImpl
[03:12:02] [main/INFO] [REI] Plugins (3):
[03:12:02] [main/INFO] [REI]  - (-100.00) DefaultPluginImpl of DefaultPluginImpl [roughlyenoughitems]
[03:12:02] [main/INFO] [REI]  - (0.00) AetherREIServerPlugin of AetherREIServerPlugin [aether]
[03:12:02] [main/INFO] [REI]  - (0.00) DefaultRuntimePlugin of DefaultRuntimePlugin [roughlyenoughitems]
[03:12:02] [main/INFO] [REI] %%%%%%%%%%%%%%%%%%%%%%%%%%%%%%%%%%%%%%%%
[03:12:02] [main/TRACE] [REI] [REIServerPlugin START] Reloading Section: "start-reload/"
[03:12:02] [main/TRACE] [REI] [REIServerPlugin START] Reloading Section: "start-reload/MenuInfoRegistryImpl/"
[03:12:02] [main/TRACE] [REI] [REIServerPlugin START] Reloading Section: "start-reload/MenuInfoRegistryImpl/" done in 9.157 μs
[03:12:02] [main/TRACE] [REI] [REIServerPlugin START] Reloading Section: "start-reload/SlotAccessorRegistryImpl/"
[03:12:02] [main/TRACE] [REI] [REIServerPlugin START] Reloading Section: "start-reload/SlotAccessorRegistryImpl/" done in 7.514 μs
[03:12:02] [main/TRACE] [REI] [REIServerPlugin START] Reloading Section: "start-reload/" done in 358.9 μs
[03:12:02] [main/DEBUG] [REI] ========================================
[03:12:02] [main/DEBUG] [REI] REIServerPlugin started main-reload for START.
[03:12:02] [main/DEBUG] [REI] ========================================
[03:12:02] [main/TRACE] [REI] [REIServerPlugin START] Reloading Section: "reloadable-plugin/MenuInfoRegistryImpl/"
[03:12:02] [main/TRACE] [REI] [REIServerPlugin START] Reloading Section: "reloadable-plugin/MenuInfoRegistryImpl/DefaultPluginImpl of DefaultPluginImpl [roughlyenoughitems]/"
[03:12:02] [main/TRACE] [REI] [REIServerPlugin START] Reloading Section: "reloadable-plugin/MenuInfoRegistryImpl/DefaultPluginImpl of DefaultPluginImpl [roughlyenoughitems]/" done in 10.46 μs
[03:12:02] [main/TRACE] [REI] [REIServerPlugin START] Reloading Section: "reloadable-plugin/MenuInfoRegistryImpl/AetherREIServerPlugin of AetherREIServerPlugin [aether]/"
[03:12:02] [main/TRACE] [REI] [REIServerPlugin START] Reloading Section: "reloadable-plugin/MenuInfoRegistryImpl/AetherREIServerPlugin of AetherREIServerPlugin [aether]/" done in 11.44 μs
[03:12:02] [main/TRACE] [REI] [REIServerPlugin START] Reloading Section: "reloadable-plugin/MenuInfoRegistryImpl/DefaultRuntimePlugin of DefaultRuntimePlugin [roughlyenoughitems]/"
[03:12:02] [main/TRACE] [REI] [REIServerPlugin START] Reloading Section: "reloadable-plugin/MenuInfoRegistryImpl/DefaultRuntimePlugin of DefaultRuntimePlugin [roughlyenoughitems]/" done in 10.46 μs
[03:12:02] [main/TRACE] [REI] [REIServerPlugin START] Reloading Section: "reloadable-plugin/MenuInfoRegistryImpl/" done in 525.8 μs
[03:12:02] [main/TRACE] [REI] [REIServerPlugin START] Reloading Section: "reloadable-plugin/SlotAccessorRegistryImpl/"
[03:12:02] [main/TRACE] [REI] [REIServerPlugin START] Reloading Section: "reloadable-plugin/SlotAccessorRegistryImpl/DefaultPluginImpl of DefaultPluginImpl [roughlyenoughitems]/"
[03:12:02] [main/TRACE] [REI] [REIServerPlugin START] Reloading Section: "reloadable-plugin/SlotAccessorRegistryImpl/DefaultPluginImpl of DefaultPluginImpl [roughlyenoughitems]/" done in 9.648 μs
[03:12:02] [main/TRACE] [REI] [REIServerPlugin START] Reloading Section: "reloadable-plugin/SlotAccessorRegistryImpl/AetherREIServerPlugin of AetherREIServerPlugin [aether]/"
[03:12:02] [main/TRACE] [REI] [REIServerPlugin START] Reloading Section: "reloadable-plugin/SlotAccessorRegistryImpl/AetherREIServerPlugin of AetherREIServerPlugin [aether]/" done in 9.988 μs
[03:12:02] [main/TRACE] [REI] [REIServerPlugin START] Reloading Section: "reloadable-plugin/SlotAccessorRegistryImpl/DefaultRuntimePlugin of DefaultRuntimePlugin [roughlyenoughitems]/"
[03:12:02] [main/TRACE] [REI] [REIServerPlugin START] Reloading Section: "reloadable-plugin/SlotAccessorRegistryImpl/DefaultRuntimePlugin of DefaultRuntimePlugin [roughlyenoughitems]/" done in 9.638 μs
[03:12:02] [main/TRACE] [REI] [REIServerPlugin START] Reloading Section: "reloadable-plugin/SlotAccessorRegistryImpl/" done in 529.9 μs
[03:12:02] [main/DEBUG] [REI] ========================================
[03:12:02] [main/DEBUG] [REI] REIServerPlugin ending main-reload for START.
[03:12:02] [main/DEBUG] [REI] ========================================
[03:12:02] [main/TRACE] [REI] [REIServerPlugin START] Reloading Section: "end-reload/"
[03:12:02] [main/TRACE] [REI] [REIServerPlugin START] Reloading Section: "end-reload/MenuInfoRegistryImpl/"
[03:12:02] [main/TRACE] [REI] [REIServerPlugin START] Reloading Section: "end-reload/MenuInfoRegistryImpl/" done in 6.943 μs
[03:12:02] [main/TRACE] [REI] [REIServerPlugin START] Reloading Section: "end-reload/SlotAccessorRegistryImpl/"
[03:12:02] [main/TRACE] [REI] [REIServerPlugin START] Reloading Section: "end-reload/SlotAccessorRegistryImpl/" done in 5.881 μs
[03:12:02] [main/TRACE] [REI] [REIServerPlugin START] Reloading Section: "end-reload/" done in 301.7 μs
[03:12:02] [main/DEBUG] [REI] ========================================
[03:12:02] [main/DEBUG] [REI] REIServerPlugin ended main-reload for START in 5.047 ms.
[03:12:02] [main/DEBUG] [REI] ========================================
[03:12:02] [main/DEBUG] [REI] ========================================
[03:12:02] [main/DEBUG] [REI] REIPlugin starting post-reload for START.
[03:12:02] [main/DEBUG] [REI] Reloadables (7):
[03:12:02] [main/DEBUG] [REI]  - EntryTypeRegistryImpl
[03:12:02] [main/DEBUG] [REI]  - EntrySettingsAdapterRegistryImpl
[03:12:02] [main/DEBUG] [REI]  - RecipeManagerContextImpl
[03:12:02] [main/DEBUG] [REI]  - ItemComparatorRegistryImpl
[03:12:02] [main/DEBUG] [REI]  - FluidComparatorRegistryImpl
[03:12:02] [main/DEBUG] [REI]  - DisplaySerializerRegistryImpl
[03:12:02] [main/DEBUG] [REI]  - FluidSupportProviderImpl
[03:12:02] [main/DEBUG] [REI] Plugins (3):
[03:12:02] [main/DEBUG] [REI]  - (-100.00) DefaultPluginImpl of DefaultPluginImpl [roughlyenoughitems]
[03:12:02] [main/DEBUG] [REI]  - (0.00) DefaultRuntimePlugin of DefaultRuntimePlugin [roughlyenoughitems]
[03:12:02] [main/DEBUG] [REI]  - (0.00) AetherREIServerPlugin of AetherREIServerPlugin [aether]
[03:12:02] [main/DEBUG] [REI] ========================================
[03:12:02] [main/TRACE] [REI] [REIPlugin START] Reloading Section: "post-register/"
[03:12:02] [main/TRACE] [REI] [REIPlugin START] Reloading Section: "post-register/DefaultPluginImpl of DefaultPluginImpl [roughlyenoughitems]/"
[03:12:02] [main/TRACE] [REI] [REIPlugin START] Reloading Section: "post-register/DefaultPluginImpl of DefaultPluginImpl [roughlyenoughitems]/" done in 178.1 μs
[03:12:02] [main/TRACE] [REI] [REIPlugin START] Reloading Section: "post-register/DefaultRuntimePlugin of DefaultRuntimePlugin [roughlyenoughitems]/"
[03:12:02] [main/TRACE] [REI] [REIPlugin START] Reloading Section: "post-register/DefaultRuntimePlugin of DefaultRuntimePlugin [roughlyenoughitems]/" done in 9.418 μs
[03:12:02] [main/TRACE] [REI] [REIPlugin START] Reloading Section: "post-register/AetherREIServerPlugin of AetherREIServerPlugin [aether]/"
[03:12:02] [main/TRACE] [REI] [REIPlugin START] Reloading Section: "post-register/AetherREIServerPlugin of AetherREIServerPlugin [aether]/" done in 8.386 μs
[03:12:02] [main/TRACE] [REI] [REIPlugin START] Reloading Section: "post-register/" done in 968.3 μs
[03:12:02] [main/TRACE] [REI] [REIPlugin START] Reloading Section: "post-stage/"
[03:12:02] [main/TRACE] [REI] [REIPlugin START] Reloading Section: "post-stage/EntryTypeRegistryImpl/"
[03:12:02] [main/TRACE] [REI] [REIPlugin START] Reloading Section: "post-stage/EntryTypeRegistryImpl/" done in 10.92 μs
[03:12:02] [main/TRACE] [REI] [REIPlugin START] Reloading Section: "post-stage/EntrySettingsAdapterRegistryImpl/"
[03:12:02] [main/TRACE] [REI] [REIPlugin START] Reloading Section: "post-stage/EntrySettingsAdapterRegistryImpl/" done in 5.300 μs
[03:12:02] [main/TRACE] [REI] [REIPlugin START] Reloading Section: "post-stage/RecipeManagerContextImpl/"
[03:12:02] [main/TRACE] [REI] [REIPlugin START] Reloading Section: "post-stage/RecipeManagerContextImpl/" done in 5.882 μs
[03:12:02] [main/TRACE] [REI] [REIPlugin START] Reloading Section: "post-stage/ItemComparatorRegistryImpl/"
[03:12:02] [main/TRACE] [REI] [REIPlugin START] Reloading Section: "post-stage/ItemComparatorRegistryImpl/" done in 5.570 μs
[03:12:02] [main/TRACE] [REI] [REIPlugin START] Reloading Section: "post-stage/FluidComparatorRegistryImpl/"
[03:12:02] [main/TRACE] [REI] [REIPlugin START] Reloading Section: "post-stage/FluidComparatorRegistryImpl/" done in 5.119 μs
[03:12:02] [main/TRACE] [REI] [REIPlugin START] Reloading Section: "post-stage/DisplaySerializerRegistryImpl/"
[03:12:02] [main/TRACE] [REI] [REIPlugin START] Reloading Section: "post-stage/DisplaySerializerRegistryImpl/" done in 5.090 μs
[03:12:02] [main/TRACE] [REI] [REIPlugin START] Reloading Section: "post-stage/FluidSupportProviderImpl/"
[03:12:02] [main/TRACE] [REI] [REIPlugin START] Reloading Section: "post-stage/FluidSupportProviderImpl/" done in 5.680 μs
[03:12:02] [main/TRACE] [REI] [REIPlugin START] Reloading Section: "post-stage/" done in 1.060 ms
[03:12:02] [main/DEBUG] [REI] ========================================
[03:12:02] [main/INFO] [REI] REIPlugin finished post-reload for START in 2.301 ms, totaling 45.63 ms.
[03:12:02] [main/DEBUG] [REI] ========================================
[03:12:02] [main/DEBUG] [REI] ========================================
[03:12:02] [main/DEBUG] [REI] REIServerPlugin starting post-reload for START.
[03:12:02] [main/DEBUG] [REI] Reloadables (2):
[03:12:02] [main/DEBUG] [REI]  - MenuInfoRegistryImpl
[03:12:02] [main/DEBUG] [REI]  - SlotAccessorRegistryImpl
[03:12:02] [main/DEBUG] [REI] Plugins (3):
[03:12:02] [main/DEBUG] [REI]  - (-100.00) DefaultPluginImpl of DefaultPluginImpl [roughlyenoughitems]
[03:12:02] [main/DEBUG] [REI]  - (0.00) AetherREIServerPlugin of AetherREIServerPlugin [aether]
[03:12:02] [main/DEBUG] [REI]  - (0.00) DefaultRuntimePlugin of DefaultRuntimePlugin [roughlyenoughitems]
[03:12:02] [main/DEBUG] [REI] ========================================
[03:12:02] [main/TRACE] [REI] [REIServerPlugin START] Reloading Section: "post-register/"
[03:12:02] [main/TRACE] [REI] [REIServerPlugin START] Reloading Section: "post-register/DefaultPluginImpl of DefaultPluginImpl [roughlyenoughitems]/"
[03:12:02] [main/TRACE] [REI] [REIServerPlugin START] Reloading Section: "post-register/DefaultPluginImpl of DefaultPluginImpl [roughlyenoughitems]/" done in 25.89 μs
[03:12:02] [main/TRACE] [REI] [REIServerPlugin START] Reloading Section: "post-register/AetherREIServerPlugin of AetherREIServerPlugin [aether]/"
[03:12:02] [main/TRACE] [REI] [REIServerPlugin START] Reloading Section: "post-register/AetherREIServerPlugin of AetherREIServerPlugin [aether]/" done in 8.616 μs
[03:12:02] [main/TRACE] [REI] [REIServerPlugin START] Reloading Section: "post-register/DefaultRuntimePlugin of DefaultRuntimePlugin [roughlyenoughitems]/"
[03:12:02] [main/TRACE] [REI] [REIServerPlugin START] Reloading Section: "post-register/DefaultRuntimePlugin of DefaultRuntimePlugin [roughlyenoughitems]/" done in 7.805 μs
[03:12:02] [main/TRACE] [REI] [REIServerPlugin START] Reloading Section: "post-register/" done in 487.3 μs
[03:12:02] [main/TRACE] [REI] [REIServerPlugin START] Reloading Section: "post-stage/"
[03:12:02] [main/TRACE] [REI] [REIServerPlugin START] Reloading Section: "post-stage/MenuInfoRegistryImpl/"
[03:12:02] [main/TRACE] [REI] [REIServerPlugin START] Reloading Section: "post-stage/MenuInfoRegistryImpl/" done in 6.001 μs
[03:12:02] [main/TRACE] [REI] [REIServerPlugin START] Reloading Section: "post-stage/SlotAccessorRegistryImpl/"
[03:12:02] [main/TRACE] [REI] [REIServerPlugin START] Reloading Section: "post-stage/SlotAccessorRegistryImpl/" done in 5.310 μs
[03:12:02] [main/TRACE] [REI] [REIServerPlugin START] Reloading Section: "post-stage/" done in 272.8 μs
[03:12:02] [main/DEBUG] [REI] ========================================
[03:12:02] [main/INFO] [REI] REIServerPlugin finished post-reload for START in 1.056 ms, totaling 7.121 ms.
[03:12:02] [main/DEBUG] [REI] ========================================
[03:12:02] [main/DEBUG] [REI] ========================================
[03:12:02] [main/DEBUG] [REI] REIPlugin starting pre-reload for END.
[03:12:02] [main/DEBUG] [REI] Reloadables (7):
[03:12:02] [main/DEBUG] [REI]  - EntryTypeRegistryImpl
[03:12:02] [main/DEBUG] [REI]  - EntrySettingsAdapterRegistryImpl
[03:12:02] [main/DEBUG] [REI]  - RecipeManagerContextImpl
[03:12:02] [main/DEBUG] [REI]  - ItemComparatorRegistryImpl
[03:12:02] [main/DEBUG] [REI]  - FluidComparatorRegistryImpl
[03:12:02] [main/DEBUG] [REI]  - DisplaySerializerRegistryImpl
[03:12:02] [main/DEBUG] [REI]  - FluidSupportProviderImpl
[03:12:02] [main/DEBUG] [REI] Plugins (3):
[03:12:02] [main/DEBUG] [REI]  - (-100.00) DefaultPluginImpl of DefaultPluginImpl [roughlyenoughitems]
[03:12:02] [main/DEBUG] [REI]  - (0.00) DefaultRuntimePlugin of DefaultRuntimePlugin [roughlyenoughitems]
[03:12:02] [main/DEBUG] [REI]  - (0.00) AetherREIServerPlugin of AetherREIServerPlugin [aether]
[03:12:02] [main/DEBUG] [REI] ========================================
[03:12:02] [main/TRACE] [REI] [REIPlugin END] Reloading Section: "pre-register/"
[03:12:02] [main/TRACE] [REI] [REIPlugin END] Reloading Section: "pre-register/DefaultPluginImpl of DefaultPluginImpl [roughlyenoughitems]/"
[03:12:02] [main/TRACE] [REI] [REIPlugin END] Reloading Section: "pre-register/DefaultPluginImpl of DefaultPluginImpl [roughlyenoughitems]/" done in 10.95 μs
[03:12:02] [main/TRACE] [REI] [REIPlugin END] Reloading Section: "pre-register/DefaultRuntimePlugin of DefaultRuntimePlugin [roughlyenoughitems]/"
[03:12:02] [main/TRACE] [REI] [REIPlugin END] Reloading Section: "pre-register/DefaultRuntimePlugin of DefaultRuntimePlugin [roughlyenoughitems]/" done in 7.203 μs
[03:12:02] [main/TRACE] [REI] [REIPlugin END] Reloading Section: "pre-register/AetherREIServerPlugin of AetherREIServerPlugin [aether]/"
[03:12:02] [main/TRACE] [REI] [REIPlugin END] Reloading Section: "pre-register/AetherREIServerPlugin of AetherREIServerPlugin [aether]/" done in 6.943 μs
[03:12:02] [main/TRACE] [REI] [REIPlugin END] Reloading Section: "pre-register/" done in 462.5 μs
[03:12:02] [main/TRACE] [REI] [REIPlugin END] Reloading Section: "pre-stage/"
[03:12:02] [main/TRACE] [REI] [REIPlugin END] Reloading Section: "pre-stage/EntryTypeRegistryImpl/"
[03:12:02] [main/TRACE] [REI] [REIPlugin END] Reloading Section: "pre-stage/EntryTypeRegistryImpl/" done in 7.063 μs
[03:12:02] [main/TRACE] [REI] [REIPlugin END] Reloading Section: "pre-stage/EntrySettingsAdapterRegistryImpl/"
[03:12:02] [main/TRACE] [REI] [REIPlugin END] Reloading Section: "pre-stage/EntrySettingsAdapterRegistryImpl/" done in 6.201 μs
[03:12:02] [main/TRACE] [REI] [REIPlugin END] Reloading Section: "pre-stage/RecipeManagerContextImpl/"
[03:12:02] [main/TRACE] [REI] [REIPlugin END] Reloading Section: "pre-stage/RecipeManagerContextImpl/" done in 6.853 μs
[03:12:02] [main/TRACE] [REI] [REIPlugin END] Reloading Section: "pre-stage/ItemComparatorRegistryImpl/"
[03:12:02] [main/TRACE] [REI] [REIPlugin END] Reloading Section: "pre-stage/ItemComparatorRegistryImpl/" done in 5.961 μs
[03:12:02] [main/TRACE] [REI] [REIPlugin END] Reloading Section: "pre-stage/FluidComparatorRegistryImpl/"
[03:12:02] [main/TRACE] [REI] [REIPlugin END] Reloading Section: "pre-stage/FluidComparatorRegistryImpl/" done in 5.420 μs
[03:12:02] [main/TRACE] [REI] [REIPlugin END] Reloading Section: "pre-stage/DisplaySerializerRegistryImpl/"
[03:12:02] [main/TRACE] [REI] [REIPlugin END] Reloading Section: "pre-stage/DisplaySerializerRegistryImpl/" done in 5.740 μs
[03:12:02] [main/TRACE] [REI] [REIPlugin END] Reloading Section: "pre-stage/FluidSupportProviderImpl/"
[03:12:02] [main/TRACE] [REI] [REIPlugin END] Reloading Section: "pre-stage/FluidSupportProviderImpl/" done in 6.222 μs
[03:12:02] [main/TRACE] [REI] [REIPlugin END] Reloading Section: "pre-stage/" done in 1.048 ms
[03:12:02] [main/DEBUG] [REI] ========================================
[03:12:02] [main/DEBUG] [REI] REIPlugin finished pre-reload for END in 1.769 ms.
[03:12:02] [main/DEBUG] [REI] ========================================
[03:12:02] [main/DEBUG] [REI] ========================================
[03:12:02] [main/DEBUG] [REI] REIServerPlugin starting pre-reload for END.
[03:12:02] [main/DEBUG] [REI] Reloadables (2):
[03:12:02] [main/DEBUG] [REI]  - MenuInfoRegistryImpl
[03:12:02] [main/DEBUG] [REI]  - SlotAccessorRegistryImpl
[03:12:02] [main/DEBUG] [REI] Plugins (3):
[03:12:02] [main/DEBUG] [REI]  - (-100.00) DefaultPluginImpl of DefaultPluginImpl [roughlyenoughitems]
[03:12:02] [main/DEBUG] [REI]  - (0.00) AetherREIServerPlugin of AetherREIServerPlugin [aether]
[03:12:02] [main/DEBUG] [REI]  - (0.00) DefaultRuntimePlugin of DefaultRuntimePlugin [roughlyenoughitems]
[03:12:02] [main/DEBUG] [REI] ========================================
[03:12:02] [main/TRACE] [REI] [REIServerPlugin END] Reloading Section: "pre-register/"
[03:12:02] [main/TRACE] [REI] [REIServerPlugin END] Reloading Section: "pre-register/DefaultPluginImpl of DefaultPluginImpl [roughlyenoughitems]/"
[03:12:02] [main/TRACE] [REI] [REIServerPlugin END] Reloading Section: "pre-register/DefaultPluginImpl of DefaultPluginImpl [roughlyenoughitems]/" done in 8.276 μs
[03:12:02] [main/TRACE] [REI] [REIServerPlugin END] Reloading Section: "pre-register/AetherREIServerPlugin of AetherREIServerPlugin [aether]/"
[03:12:02] [main/TRACE] [REI] [REIServerPlugin END] Reloading Section: "pre-register/AetherREIServerPlugin of AetherREIServerPlugin [aether]/" done in 7.804 μs
[03:12:02] [main/TRACE] [REI] [REIServerPlugin END] Reloading Section: "pre-register/DefaultRuntimePlugin of DefaultRuntimePlugin [roughlyenoughitems]/"
[03:12:02] [main/TRACE] [REI] [REIServerPlugin END] Reloading Section: "pre-register/DefaultRuntimePlugin of DefaultRuntimePlugin [roughlyenoughitems]/" done in 6.893 μs
[03:12:02] [main/TRACE] [REI] [REIServerPlugin END] Reloading Section: "pre-register/" done in 422.5 μs
[03:12:02] [main/TRACE] [REI] [REIServerPlugin END] Reloading Section: "pre-stage/"
[03:12:02] [main/TRACE] [REI] [REIServerPlugin END] Reloading Section: "pre-stage/MenuInfoRegistryImpl/"
[03:12:02] [main/TRACE] [REI] [REIServerPlugin END] Reloading Section: "pre-stage/MenuInfoRegistryImpl/" done in 6.291 μs
[03:12:02] [main/TRACE] [REI] [REIServerPlugin END] Reloading Section: "pre-stage/SlotAccessorRegistryImpl/"
[03:12:02] [main/TRACE] [REI] [REIServerPlugin END] Reloading Section: "pre-stage/SlotAccessorRegistryImpl/" done in 5.510 μs
[03:12:02] [main/TRACE] [REI] [REIServerPlugin END] Reloading Section: "pre-stage/" done in 260.3 μs
[03:12:02] [main/DEBUG] [REI] ========================================
[03:12:02] [main/DEBUG] [REI] REIServerPlugin finished pre-reload for END in 922.9 μs.
[03:12:02] [main/DEBUG] [REI] ========================================
[03:12:02] [main/INFO] [REI] ========================================
[03:12:02] [main/INFO] [REI] REIPlugin starting main-reload for END.
[03:12:02] [main/DEBUG] [REI] Reloadables (7):
[03:12:02] [main/DEBUG] [REI]  - EntryTypeRegistryImpl
[03:12:02] [main/DEBUG] [REI]  - EntrySettingsAdapterRegistryImpl
[03:12:02] [main/DEBUG] [REI]  - RecipeManagerContextImpl
[03:12:02] [main/DEBUG] [REI]  - ItemComparatorRegistryImpl
[03:12:02] [main/DEBUG] [REI]  - FluidComparatorRegistryImpl
[03:12:02] [main/DEBUG] [REI]  - DisplaySerializerRegistryImpl
[03:12:02] [main/DEBUG] [REI]  - FluidSupportProviderImpl
[03:12:02] [main/INFO] [REI] Plugins (3):
[03:12:02] [main/INFO] [REI]  - (-100.00) DefaultPluginImpl of DefaultPluginImpl [roughlyenoughitems]
[03:12:02] [main/INFO] [REI]  - (0.00) DefaultRuntimePlugin of DefaultRuntimePlugin [roughlyenoughitems]
[03:12:02] [main/INFO] [REI]  - (0.00) AetherREIServerPlugin of AetherREIServerPlugin [aether]
[03:12:02] [main/INFO] [REI] ========================================
[03:12:02] [main/TRACE] [REI] [REIPlugin END] Reloading Section: "start-reload/"
[03:12:02] [main/TRACE] [REI] [REIPlugin END] Reloading Section: "start-reload/EntryTypeRegistryImpl/"
[03:12:02] [main/TRACE] [REI] [REIPlugin END] Reloading Section: "start-reload/EntryTypeRegistryImpl/" done in 8.646 μs
[03:12:02] [main/TRACE] [REI] [REIPlugin END] Reloading Section: "start-reload/EntrySettingsAdapterRegistryImpl/"
[03:12:02] [main/TRACE] [REI] [REIPlugin END] Reloading Section: "start-reload/EntrySettingsAdapterRegistryImpl/" done in 18.63 μs
[03:12:02] [main/TRACE] [REI] [REIPlugin END] Reloading Section: "start-reload/RecipeManagerContextImpl/"
[03:12:02] [main/TRACE] [REI] [REIPlugin END] Reloading Section: "start-reload/RecipeManagerContextImpl/" done in 7.635 μs
[03:12:02] [main/TRACE] [REI] [REIPlugin END] Reloading Section: "start-reload/ItemComparatorRegistryImpl/"
[03:12:02] [main/TRACE] [REI] [REIPlugin END] Reloading Section: "start-reload/ItemComparatorRegistryImpl/" done in 5.680 μs
[03:12:02] [main/TRACE] [REI] [REIPlugin END] Reloading Section: "start-reload/FluidComparatorRegistryImpl/"
[03:12:02] [main/TRACE] [REI] [REIPlugin END] Reloading Section: "start-reload/FluidComparatorRegistryImpl/" done in 5.169 μs
[03:12:02] [main/TRACE] [REI] [REIPlugin END] Reloading Section: "start-reload/DisplaySerializerRegistryImpl/"
[03:12:02] [main/TRACE] [REI] [REIPlugin END] Reloading Section: "start-reload/DisplaySerializerRegistryImpl/" done in 12.06 μs
[03:12:02] [main/TRACE] [REI] [REIPlugin END] Reloading Section: "start-reload/FluidSupportProviderImpl/"
[03:12:02] [main/TRACE] [REI] [REIPlugin END] Reloading Section: "start-reload/FluidSupportProviderImpl/" done in 6.182 μs
[03:12:02] [main/TRACE] [REI] [REIPlugin END] Reloading Section: "start-reload/" done in 925.2 μs
[03:12:02] [main/DEBUG] [REI] ========================================
[03:12:02] [main/DEBUG] [REI] REIPlugin started main-reload for END.
[03:12:02] [main/DEBUG] [REI] ========================================
[03:12:02] [main/TRACE] [REI] [REIPlugin END] Reloading Section: "reloadable-plugin/EntryTypeRegistryImpl/"
[03:12:02] [main/TRACE] [REI] [REIPlugin END] Reloading Section: "reloadable-plugin/EntryTypeRegistryImpl/DefaultPluginImpl of DefaultPluginImpl [roughlyenoughitems]/"
[03:12:02] [main/TRACE] [REI] [REIPlugin END] Reloading Section: "reloadable-plugin/EntryTypeRegistryImpl/DefaultPluginImpl of DefaultPluginImpl [roughlyenoughitems]/" done in 13.90 μs
[03:12:02] [main/TRACE] [REI] [REIPlugin END] Reloading Section: "reloadable-plugin/EntryTypeRegistryImpl/DefaultRuntimePlugin of DefaultRuntimePlugin [roughlyenoughitems]/"
[03:12:02] [main/TRACE] [REI] [REIPlugin END] Reloading Section: "reloadable-plugin/EntryTypeRegistryImpl/DefaultRuntimePlugin of DefaultRuntimePlugin [roughlyenoughitems]/" done in 10.53 μs
[03:12:02] [main/TRACE] [REI] [REIPlugin END] Reloading Section: "reloadable-plugin/EntryTypeRegistryImpl/AetherREIServerPlugin of AetherREIServerPlugin [aether]/"
[03:12:02] [main/TRACE] [REI] [REIPlugin END] Reloading Section: "reloadable-plugin/EntryTypeRegistryImpl/AetherREIServerPlugin of AetherREIServerPlugin [aether]/" done in 10.68 μs
[03:12:02] [main/TRACE] [REI] [REIPlugin END] Reloading Section: "reloadable-plugin/EntryTypeRegistryImpl/" done in 456.5 μs
[03:12:02] [main/TRACE] [REI] [REIPlugin END] Reloading Section: "reloadable-plugin/EntrySettingsAdapterRegistryImpl/"
[03:12:02] [main/TRACE] [REI] [REIPlugin END] Reloading Section: "reloadable-plugin/EntrySettingsAdapterRegistryImpl/DefaultPluginImpl of DefaultPluginImpl [roughlyenoughitems]/"
[03:12:02] [main/TRACE] [REI] [REIPlugin END] Reloading Section: "reloadable-plugin/EntrySettingsAdapterRegistryImpl/DefaultPluginImpl of DefaultPluginImpl [roughlyenoughitems]/" done in 21.76 μs
[03:12:02] [main/TRACE] [REI] [REIPlugin END] Reloading Section: "reloadable-plugin/EntrySettingsAdapterRegistryImpl/DefaultRuntimePlugin of DefaultRuntimePlugin [roughlyenoughitems]/"
[03:12:02] [main/TRACE] [REI] [REIPlugin END] Reloading Section: "reloadable-plugin/EntrySettingsAdapterRegistryImpl/DefaultRuntimePlugin of DefaultRuntimePlugin [roughlyenoughitems]/" done in 13.17 μs
[03:12:02] [main/TRACE] [REI] [REIPlugin END] Reloading Section: "reloadable-plugin/EntrySettingsAdapterRegistryImpl/AetherREIServerPlugin of AetherREIServerPlugin [aether]/"
[03:12:02] [main/TRACE] [REI] [REIPlugin END] Reloading Section: "reloadable-plugin/EntrySettingsAdapterRegistryImpl/AetherREIServerPlugin of AetherREIServerPlugin [aether]/" done in 11.66 μs
[03:12:02] [main/TRACE] [REI] [REIPlugin END] Reloading Section: "reloadable-plugin/EntrySettingsAdapterRegistryImpl/" done in 1.572 ms
[03:12:02] [main/TRACE] [REI] [REIPlugin END] Reloading Section: "reloadable-plugin/RecipeManagerContextImpl/"
[03:12:02] [main/TRACE] [REI] [REIPlugin END] Reloading Section: "reloadable-plugin/RecipeManagerContextImpl/DefaultPluginImpl of DefaultPluginImpl [roughlyenoughitems]/"
[03:12:02] [main/TRACE] [REI] [REIPlugin END] Reloading Section: "reloadable-plugin/RecipeManagerContextImpl/DefaultPluginImpl of DefaultPluginImpl [roughlyenoughitems]/" done in 11.97 μs
[03:12:02] [main/TRACE] [REI] [REIPlugin END] Reloading Section: "reloadable-plugin/RecipeManagerContextImpl/DefaultRuntimePlugin of DefaultRuntimePlugin [roughlyenoughitems]/"
[03:12:02] [main/TRACE] [REI] [REIPlugin END] Reloading Section: "reloadable-plugin/RecipeManagerContextImpl/DefaultRuntimePlugin of DefaultRuntimePlugin [roughlyenoughitems]/" done in 13.78 μs
[03:12:02] [main/TRACE] [REI] [REIPlugin END] Reloading Section: "reloadable-plugin/RecipeManagerContextImpl/AetherREIServerPlugin of AetherREIServerPlugin [aether]/"
[03:12:02] [main/TRACE] [REI] [REIPlugin END] Reloading Section: "reloadable-plugin/RecipeManagerContextImpl/AetherREIServerPlugin of AetherREIServerPlugin [aether]/" done in 13.72 μs
[03:12:02] [main/TRACE] [REI] [REIPlugin END] Reloading Section: "reloadable-plugin/RecipeManagerContextImpl/" done in 1.341 ms
[03:12:02] [main/TRACE] [REI] [REIPlugin END] Reloading Section: "reloadable-plugin/ItemComparatorRegistryImpl/"
[03:12:02] [main/TRACE] [REI] [REIPlugin END] Reloading Section: "reloadable-plugin/ItemComparatorRegistryImpl/DefaultPluginImpl of DefaultPluginImpl [roughlyenoughitems]/"
[03:12:02] [main/TRACE] [REI] [REIPlugin END] Reloading Section: "reloadable-plugin/ItemComparatorRegistryImpl/DefaultPluginImpl of DefaultPluginImpl [roughlyenoughitems]/" done in 10.11 μs
[03:12:02] [main/TRACE] [REI] [REIPlugin END] Reloading Section: "reloadable-plugin/ItemComparatorRegistryImpl/DefaultRuntimePlugin of DefaultRuntimePlugin [roughlyenoughitems]/"
[03:12:02] [main/TRACE] [REI] [REIPlugin END] Reloading Section: "reloadable-plugin/ItemComparatorRegistryImpl/DefaultRuntimePlugin of DefaultRuntimePlugin [roughlyenoughitems]/" done in 10.31 μs
[03:12:02] [main/TRACE] [REI] [REIPlugin END] Reloading Section: "reloadable-plugin/ItemComparatorRegistryImpl/AetherREIServerPlugin of AetherREIServerPlugin [aether]/"
[03:12:02] [main/TRACE] [REI] [REIPlugin END] Reloading Section: "reloadable-plugin/ItemComparatorRegistryImpl/AetherREIServerPlugin of AetherREIServerPlugin [aether]/" done in 10.38 μs
[03:12:02] [main/TRACE] [REI] [REIPlugin END] Reloading Section: "reloadable-plugin/ItemComparatorRegistryImpl/" done in 413.3 μs
[03:12:02] [main/TRACE] [REI] [REIPlugin END] Reloading Section: "reloadable-plugin/FluidComparatorRegistryImpl/"
[03:12:02] [main/TRACE] [REI] [REIPlugin END] Reloading Section: "reloadable-plugin/FluidComparatorRegistryImpl/DefaultPluginImpl of DefaultPluginImpl [roughlyenoughitems]/"
[03:12:02] [main/TRACE] [REI] [REIPlugin END] Reloading Section: "reloadable-plugin/FluidComparatorRegistryImpl/DefaultPluginImpl of DefaultPluginImpl [roughlyenoughitems]/" done in 9.779 μs
[03:12:02] [main/TRACE] [REI] [REIPlugin END] Reloading Section: "reloadable-plugin/FluidComparatorRegistryImpl/DefaultRuntimePlugin of DefaultRuntimePlugin [roughlyenoughitems]/"
[03:12:02] [main/TRACE] [REI] [REIPlugin END] Reloading Section: "reloadable-plugin/FluidComparatorRegistryImpl/DefaultRuntimePlugin of DefaultRuntimePlugin [roughlyenoughitems]/" done in 14.24 μs
[03:12:02] [main/TRACE] [REI] [REIPlugin END] Reloading Section: "reloadable-plugin/FluidComparatorRegistryImpl/AetherREIServerPlugin of AetherREIServerPlugin [aether]/"
[03:12:02] [main/TRACE] [REI] [REIPlugin END] Reloading Section: "reloadable-plugin/FluidComparatorRegistryImpl/AetherREIServerPlugin of AetherREIServerPlugin [aether]/" done in 10.77 μs
[03:12:02] [main/TRACE] [REI] [REIPlugin END] Reloading Section: "reloadable-plugin/FluidComparatorRegistryImpl/" done in 484.8 μs
[03:12:02] [main/TRACE] [REI] [REIPlugin END] Reloading Section: "reloadable-plugin/DisplaySerializerRegistryImpl/"
[03:12:02] [main/TRACE] [REI] [REIPlugin END] Reloading Section: "reloadable-plugin/DisplaySerializerRegistryImpl/DefaultPluginImpl of DefaultPluginImpl [roughlyenoughitems]/"
[03:12:02] [main/TRACE] [REI] [REIPlugin END] Reloading Section: "reloadable-plugin/DisplaySerializerRegistryImpl/DefaultPluginImpl of DefaultPluginImpl [roughlyenoughitems]/" done in 22.43 ms
[03:12:02] [main/TRACE] [REI] [REIPlugin END] Reloading Section: "reloadable-plugin/DisplaySerializerRegistryImpl/DefaultRuntimePlugin of DefaultRuntimePlugin [roughlyenoughitems]/"
[03:12:02] [main/TRACE] [REI] [REIPlugin END] Reloading Section: "reloadable-plugin/DisplaySerializerRegistryImpl/DefaultRuntimePlugin of DefaultRuntimePlugin [roughlyenoughitems]/" done in 23.61 μs
[03:12:02] [main/TRACE] [REI] [REIPlugin END] Reloading Section: "reloadable-plugin/DisplaySerializerRegistryImpl/AetherREIServerPlugin of AetherREIServerPlugin [aether]/"
[03:12:02] [main/TRACE] [REI] [REIPlugin END] Reloading Section: "reloadable-plugin/DisplaySerializerRegistryImpl/AetherREIServerPlugin of AetherREIServerPlugin [aether]/" done in 927.4 μs
[03:12:02] [main/TRACE] [REI] [REIPlugin END] Reloading Section: "reloadable-plugin/DisplaySerializerRegistryImpl/" done in 24.16 ms
[03:12:02] [main/TRACE] [REI] [REIPlugin END] Reloading Section: "reloadable-plugin/FluidSupportProviderImpl/"
[03:12:02] [main/TRACE] [REI] [REIPlugin END] Reloading Section: "reloadable-plugin/FluidSupportProviderImpl/DefaultPluginImpl of DefaultPluginImpl [roughlyenoughitems]/"
[03:12:02] [main/TRACE] [REI] [REIPlugin END] Reloading Section: "reloadable-plugin/FluidSupportProviderImpl/DefaultPluginImpl of DefaultPluginImpl [roughlyenoughitems]/" done in 11.92 μs
[03:12:02] [main/TRACE] [REI] [REIPlugin END] Reloading Section: "reloadable-plugin/FluidSupportProviderImpl/DefaultRuntimePlugin of DefaultRuntimePlugin [roughlyenoughitems]/"
[03:12:02] [main/TRACE] [REI] [REIPlugin END] Reloading Section: "reloadable-plugin/FluidSupportProviderImpl/DefaultRuntimePlugin of DefaultRuntimePlugin [roughlyenoughitems]/" done in 11.03 μs
[03:12:02] [main/TRACE] [REI] [REIPlugin END] Reloading Section: "reloadable-plugin/FluidSupportProviderImpl/AetherREIServerPlugin of AetherREIServerPlugin [aether]/"
[03:12:02] [main/TRACE] [REI] [REIPlugin END] Reloading Section: "reloadable-plugin/FluidSupportProviderImpl/AetherREIServerPlugin of AetherREIServerPlugin [aether]/" done in 10.71 μs
[03:12:02] [main/TRACE] [REI] [REIPlugin END] Reloading Section: "reloadable-plugin/FluidSupportProviderImpl/" done in 408.2 μs
[03:12:02] [main/DEBUG] [REI] ========================================
[03:12:02] [main/DEBUG] [REI] REIPlugin ending main-reload for END.
[03:12:02] [main/DEBUG] [REI] ========================================
[03:12:02] [main/TRACE] [REI] [REIPlugin END] Reloading Section: "end-reload/"
[03:12:02] [main/TRACE] [REI] [REIPlugin END] Reloading Section: "end-reload/EntryTypeRegistryImpl/"
[03:12:02] [main/TRACE] [REI] [REIPlugin END] Reloading Section: "end-reload/EntryTypeRegistryImpl/" done in 6.211 μs
[03:12:02] [main/TRACE] [REI] [REIPlugin END] Reloading Section: "end-reload/EntrySettingsAdapterRegistryImpl/"
[03:12:02] [main/TRACE] [REI] [REIPlugin END] Reloading Section: "end-reload/EntrySettingsAdapterRegistryImpl/" done in 6.412 μs
[03:12:02] [main/TRACE] [REI] [REIPlugin END] Reloading Section: "end-reload/RecipeManagerContextImpl/"
[03:12:02] [main/TRACE] [REI] [REIPlugin END] Reloading Section: "end-reload/RecipeManagerContextImpl/" done in 5.140 μs
[03:12:02] [main/TRACE] [REI] [REIPlugin END] Reloading Section: "end-reload/ItemComparatorRegistryImpl/"
[03:12:02] [main/TRACE] [REI] [REIPlugin END] Reloading Section: "end-reload/ItemComparatorRegistryImpl/" done in 5.430 μs
[03:12:02] [main/TRACE] [REI] [REIPlugin END] Reloading Section: "end-reload/FluidComparatorRegistryImpl/"
[03:12:02] [main/TRACE] [REI] [REIPlugin END] Reloading Section: "end-reload/FluidComparatorRegistryImpl/" done in 5.651 μs
[03:12:02] [main/TRACE] [REI] [REIPlugin END] Reloading Section: "end-reload/DisplaySerializerRegistryImpl/"
[03:12:02] [main/TRACE] [REI] [REIPlugin END] Reloading Section: "end-reload/DisplaySerializerRegistryImpl/" done in 4.940 μs
[03:12:02] [main/TRACE] [REI] [REIPlugin END] Reloading Section: "end-reload/FluidSupportProviderImpl/"
[03:12:02] [main/TRACE] [REI] [REIPlugin END] Reloading Section: "end-reload/FluidSupportProviderImpl/" done in 5.300 μs
[03:12:02] [main/TRACE] [REI] [REIPlugin END] Reloading Section: "end-reload/" done in 1.274 ms
[03:12:02] [main/DEBUG] [REI] ========================================
[03:12:02] [main/DEBUG] [REI] REIPlugin ended main-reload for END in 35.04 ms.
[03:12:02] [main/DEBUG] [REI] ========================================
[03:12:02] [main/INFO] [REI] @@@@@@@@@@@@@@@@@@@@@@@@@@@@@@@@@@@@@@@@
[03:12:02] [main/INFO] [REI] REIServerPlugin starting main-reload for END.
[03:12:02] [main/DEBUG] [REI] Reloadables (2):
[03:12:02] [main/DEBUG] [REI]  - MenuInfoRegistryImpl
[03:12:02] [main/DEBUG] [REI]  - SlotAccessorRegistryImpl
[03:12:02] [main/INFO] [REI] Plugins (3):
[03:12:02] [main/INFO] [REI]  - (-100.00) DefaultPluginImpl of DefaultPluginImpl [roughlyenoughitems]
[03:12:02] [main/INFO] [REI]  - (0.00) AetherREIServerPlugin of AetherREIServerPlugin [aether]
[03:12:02] [main/INFO] [REI]  - (0.00) DefaultRuntimePlugin of DefaultRuntimePlugin [roughlyenoughitems]
[03:12:02] [main/INFO] [REI] @@@@@@@@@@@@@@@@@@@@@@@@@@@@@@@@@@@@@@@@
[03:12:02] [main/TRACE] [REI] [REIServerPlugin END] Reloading Section: "start-reload/"
[03:12:02] [main/TRACE] [REI] [REIServerPlugin END] Reloading Section: "start-reload/MenuInfoRegistryImpl/"
[03:12:02] [main/TRACE] [REI] [REIServerPlugin END] Reloading Section: "start-reload/MenuInfoRegistryImpl/" done in 18.11 μs
[03:12:02] [main/TRACE] [REI] [REIServerPlugin END] Reloading Section: "start-reload/SlotAccessorRegistryImpl/"
[03:12:02] [main/TRACE] [REI] [REIServerPlugin END] Reloading Section: "start-reload/SlotAccessorRegistryImpl/" done in 13.75 μs
[03:12:02] [main/TRACE] [REI] [REIServerPlugin END] Reloading Section: "start-reload/" done in 313.4 μs
[03:12:02] [main/DEBUG] [REI] ========================================
[03:12:02] [main/DEBUG] [REI] REIServerPlugin started main-reload for END.
[03:12:02] [main/DEBUG] [REI] ========================================
[03:12:02] [main/TRACE] [REI] [REIServerPlugin END] Reloading Section: "reloadable-plugin/MenuInfoRegistryImpl/"
[03:12:02] [main/TRACE] [REI] [REIServerPlugin END] Reloading Section: "reloadable-plugin/MenuInfoRegistryImpl/DefaultPluginImpl of DefaultPluginImpl [roughlyenoughitems]/"
[03:12:02] [main/TRACE] [REI] [REIServerPlugin END] Reloading Section: "reloadable-plugin/MenuInfoRegistryImpl/DefaultPluginImpl of DefaultPluginImpl [roughlyenoughitems]/" done in 20.70 μs
[03:12:02] [main/TRACE] [REI] [REIServerPlugin END] Reloading Section: "reloadable-plugin/MenuInfoRegistryImpl/AetherREIServerPlugin of AetherREIServerPlugin [aether]/"
[03:12:02] [main/TRACE] [REI] [REIServerPlugin END] Reloading Section: "reloadable-plugin/MenuInfoRegistryImpl/AetherREIServerPlugin of AetherREIServerPlugin [aether]/" done in 9.568 μs
[03:12:02] [main/TRACE] [REI] [REIServerPlugin END] Reloading Section: "reloadable-plugin/MenuInfoRegistryImpl/DefaultRuntimePlugin of DefaultRuntimePlugin [roughlyenoughitems]/"
[03:12:02] [main/TRACE] [REI] [REIServerPlugin END] Reloading Section: "reloadable-plugin/MenuInfoRegistryImpl/DefaultRuntimePlugin of DefaultRuntimePlugin [roughlyenoughitems]/" done in 9.858 μs
[03:12:02] [main/TRACE] [REI] [REIServerPlugin END] Reloading Section: "reloadable-plugin/MenuInfoRegistryImpl/" done in 420.4 μs
[03:12:02] [main/TRACE] [REI] [REIServerPlugin END] Reloading Section: "reloadable-plugin/SlotAccessorRegistryImpl/"
[03:12:02] [main/TRACE] [REI] [REIServerPlugin END] Reloading Section: "reloadable-plugin/SlotAccessorRegistryImpl/DefaultPluginImpl of DefaultPluginImpl [roughlyenoughitems]/"
[03:12:02] [main/TRACE] [REI] [REIServerPlugin END] Reloading Section: "reloadable-plugin/SlotAccessorRegistryImpl/DefaultPluginImpl of DefaultPluginImpl [roughlyenoughitems]/" done in 18.55 μs
[03:12:02] [main/TRACE] [REI] [REIServerPlugin END] Reloading Section: "reloadable-plugin/SlotAccessorRegistryImpl/AetherREIServerPlugin of AetherREIServerPlugin [aether]/"
[03:12:02] [main/TRACE] [REI] [REIServerPlugin END] Reloading Section: "reloadable-plugin/SlotAccessorRegistryImpl/AetherREIServerPlugin of AetherREIServerPlugin [aether]/" done in 8.886 μs
[03:12:02] [main/TRACE] [REI] [REIServerPlugin END] Reloading Section: "reloadable-plugin/SlotAccessorRegistryImpl/DefaultRuntimePlugin of DefaultRuntimePlugin [roughlyenoughitems]/"
[03:12:02] [main/DEBUG] [REI] Added slot accessor serializer: me.shedaniel.rei.plugin.common.runtime.DefaultRuntimePlugin$1@317761a4 [roughlyenoughitems:vanilla]
[03:12:02] [main/DEBUG] [REI] Added slot accessor serializer: me.shedaniel.rei.plugin.common.runtime.DefaultRuntimePlugin$2@43a0e493 [roughlyenoughitems:player]
[03:12:02] [main/TRACE] [REI] [REIServerPlugin END] Reloading Section: "reloadable-plugin/SlotAccessorRegistryImpl/DefaultRuntimePlugin of DefaultRuntimePlugin [roughlyenoughitems]/" done in 1.912 ms
[03:12:02] [main/TRACE] [REI] [REIServerPlugin END] Reloading Section: "reloadable-plugin/SlotAccessorRegistryImpl/" done in 2.320 ms
[03:12:02] [main/DEBUG] [REI] ========================================
[03:12:02] [main/DEBUG] [REI] REIServerPlugin ending main-reload for END.
[03:12:02] [main/DEBUG] [REI] ========================================
[03:12:02] [main/TRACE] [REI] [REIServerPlugin END] Reloading Section: "end-reload/"
[03:12:02] [main/TRACE] [REI] [REIServerPlugin END] Reloading Section: "end-reload/MenuInfoRegistryImpl/"
[03:12:02] [main/DEBUG] [REI] Registered 0 menu infos
[03:12:02] [main/TRACE] [REI] [REIServerPlugin END] Reloading Section: "end-reload/MenuInfoRegistryImpl/" done in 162.1 μs
[03:12:02] [main/TRACE] [REI] [REIServerPlugin END] Reloading Section: "end-reload/SlotAccessorRegistryImpl/"
[03:12:02] [main/DEBUG] [REI] Registered 2 slot accessor serializers
[03:12:02] [main/TRACE] [REI] [REIServerPlugin END] Reloading Section: "end-reload/SlotAccessorRegistryImpl/" done in 134.4 μs
[03:12:02] [main/TRACE] [REI] [REIServerPlugin END] Reloading Section: "end-reload/" done in 584.5 μs
[03:12:02] [main/DEBUG] [REI] ========================================
[03:12:02] [main/DEBUG] [REI] REIServerPlugin ended main-reload for END in 6.887 ms.
[03:12:02] [main/DEBUG] [REI] ========================================
[03:12:02] [main/DEBUG] [REI] ========================================
[03:12:02] [main/DEBUG] [REI] REIPlugin starting post-reload for END.
[03:12:02] [main/DEBUG] [REI] Reloadables (7):
[03:12:02] [main/DEBUG] [REI]  - EntryTypeRegistryImpl
[03:12:02] [main/DEBUG] [REI]  - EntrySettingsAdapterRegistryImpl
[03:12:02] [main/DEBUG] [REI]  - RecipeManagerContextImpl
[03:12:02] [main/DEBUG] [REI]  - ItemComparatorRegistryImpl
[03:12:02] [main/DEBUG] [REI]  - FluidComparatorRegistryImpl
[03:12:02] [main/DEBUG] [REI]  - DisplaySerializerRegistryImpl
[03:12:02] [main/DEBUG] [REI]  - FluidSupportProviderImpl
[03:12:02] [main/DEBUG] [REI] Plugins (3):
[03:12:02] [main/DEBUG] [REI]  - (-100.00) DefaultPluginImpl of DefaultPluginImpl [roughlyenoughitems]
[03:12:02] [main/DEBUG] [REI]  - (0.00) DefaultRuntimePlugin of DefaultRuntimePlugin [roughlyenoughitems]
[03:12:02] [main/DEBUG] [REI]  - (0.00) AetherREIServerPlugin of AetherREIServerPlugin [aether]
[03:12:02] [main/DEBUG] [REI] ========================================
[03:12:02] [main/TRACE] [REI] [REIPlugin END] Reloading Section: "post-register/"
[03:12:02] [main/TRACE] [REI] [REIPlugin END] Reloading Section: "post-register/DefaultPluginImpl of DefaultPluginImpl [roughlyenoughitems]/"
[03:12:02] [main/TRACE] [REI] [REIPlugin END] Reloading Section: "post-register/DefaultPluginImpl of DefaultPluginImpl [roughlyenoughitems]/" done in 10.02 μs
[03:12:02] [main/TRACE] [REI] [REIPlugin END] Reloading Section: "post-register/DefaultRuntimePlugin of DefaultRuntimePlugin [roughlyenoughitems]/"
[03:12:02] [main/TRACE] [REI] [REIPlugin END] Reloading Section: "post-register/DefaultRuntimePlugin of DefaultRuntimePlugin [roughlyenoughitems]/" done in 8.425 μs
[03:12:02] [main/TRACE] [REI] [REIPlugin END] Reloading Section: "post-register/AetherREIServerPlugin of AetherREIServerPlugin [aether]/"
[03:12:02] [main/TRACE] [REI] [REIPlugin END] Reloading Section: "post-register/AetherREIServerPlugin of AetherREIServerPlugin [aether]/" done in 6.692 μs
[03:12:02] [main/TRACE] [REI] [REIPlugin END] Reloading Section: "post-register/" done in 406.9 μs
[03:12:02] [main/TRACE] [REI] [REIPlugin END] Reloading Section: "post-stage/"
[03:12:02] [main/TRACE] [REI] [REIPlugin END] Reloading Section: "post-stage/EntryTypeRegistryImpl/"
[03:12:02] [main/TRACE] [REI] [REIPlugin END] Reloading Section: "post-stage/EntryTypeRegistryImpl/" done in 5.350 μs
[03:12:02] [main/TRACE] [REI] [REIPlugin END] Reloading Section: "post-stage/EntrySettingsAdapterRegistryImpl/"
[03:12:02] [main/TRACE] [REI] [REIPlugin END] Reloading Section: "post-stage/EntrySettingsAdapterRegistryImpl/" done in 5.721 μs
[03:12:02] [main/TRACE] [REI] [REIPlugin END] Reloading Section: "post-stage/RecipeManagerContextImpl/"
[03:12:02] [main/TRACE] [REI] [REIPlugin END] Reloading Section: "post-stage/RecipeManagerContextImpl/" done in 5.810 μs
[03:12:02] [main/TRACE] [REI] [REIPlugin END] Reloading Section: "post-stage/ItemComparatorRegistryImpl/"
[03:12:02] [main/TRACE] [REI] [REIPlugin END] Reloading Section: "post-stage/ItemComparatorRegistryImpl/" done in 4.739 μs
[03:12:02] [main/TRACE] [REI] [REIPlugin END] Reloading Section: "post-stage/FluidComparatorRegistryImpl/"
[03:12:02] [main/TRACE] [REI] [REIPlugin END] Reloading Section: "post-stage/FluidComparatorRegistryImpl/" done in 5.220 μs
[03:12:02] [main/TRACE] [REI] [REIPlugin END] Reloading Section: "post-stage/DisplaySerializerRegistryImpl/"
[03:12:02] [main/TRACE] [REI] [REIPlugin END] Reloading Section: "post-stage/DisplaySerializerRegistryImpl/" done in 5.530 μs
[03:12:02] [main/TRACE] [REI] [REIPlugin END] Reloading Section: "post-stage/FluidSupportProviderImpl/"
[03:12:02] [main/TRACE] [REI] [REIPlugin END] Reloading Section: "post-stage/FluidSupportProviderImpl/" done in 4.518 μs
[03:12:02] [main/TRACE] [REI] [REIPlugin END] Reloading Section: "post-stage/" done in 811.7 μs
[03:12:02] [main/DEBUG] [REI] ========================================
[03:12:02] [main/INFO] [REI] REIPlugin finished post-reload for END in 1.465 ms, totaling 38.20 ms.
[03:12:02] [main/DEBUG] [REI] ========================================
[03:12:02] [main/DEBUG] [REI] ========================================
[03:12:02] [main/DEBUG] [REI] REIServerPlugin starting post-reload for END.
[03:12:02] [main/DEBUG] [REI] Reloadables (2):
[03:12:02] [main/DEBUG] [REI]  - MenuInfoRegistryImpl
[03:12:02] [main/DEBUG] [REI]  - SlotAccessorRegistryImpl
[03:12:02] [main/DEBUG] [REI] Plugins (3):
[03:12:02] [main/DEBUG] [REI]  - (-100.00) DefaultPluginImpl of DefaultPluginImpl [roughlyenoughitems]
[03:12:02] [main/DEBUG] [REI]  - (0.00) AetherREIServerPlugin of AetherREIServerPlugin [aether]
[03:12:02] [main/DEBUG] [REI]  - (0.00) DefaultRuntimePlugin of DefaultRuntimePlugin [roughlyenoughitems]
[03:12:02] [main/DEBUG] [REI] ========================================
[03:12:02] [main/TRACE] [REI] [REIServerPlugin END] Reloading Section: "post-register/"
[03:12:02] [main/TRACE] [REI] [REIServerPlugin END] Reloading Section: "post-register/DefaultPluginImpl of DefaultPluginImpl [roughlyenoughitems]/"
[03:12:02] [main/TRACE] [REI] [REIServerPlugin END] Reloading Section: "post-register/DefaultPluginImpl of DefaultPluginImpl [roughlyenoughitems]/" done in 8.857 μs
[03:12:02] [main/TRACE] [REI] [REIServerPlugin END] Reloading Section: "post-register/AetherREIServerPlugin of AetherREIServerPlugin [aether]/"
[03:12:02] [main/TRACE] [REI] [REIServerPlugin END] Reloading Section: "post-register/AetherREIServerPlugin of AetherREIServerPlugin [aether]/" done in 8.806 μs
[03:12:02] [main/TRACE] [REI] [REIServerPlugin END] Reloading Section: "post-register/DefaultRuntimePlugin of DefaultRuntimePlugin [roughlyenoughitems]/"
[03:12:02] [main/TRACE] [REI] [REIServerPlugin END] Reloading Section: "post-register/DefaultRuntimePlugin of DefaultRuntimePlugin [roughlyenoughitems]/" done in 7.965 μs
[03:12:02] [main/TRACE] [REI] [REIServerPlugin END] Reloading Section: "post-register/" done in 391.7 μs
[03:12:02] [main/TRACE] [REI] [REIServerPlugin END] Reloading Section: "post-stage/"
[03:12:02] [main/TRACE] [REI] [REIServerPlugin END] Reloading Section: "post-stage/MenuInfoRegistryImpl/"
[03:12:02] [main/TRACE] [REI] [REIServerPlugin END] Reloading Section: "post-stage/MenuInfoRegistryImpl/" done in 5.580 μs
[03:12:02] [main/TRACE] [REI] [REIServerPlugin END] Reloading Section: "post-stage/SlotAccessorRegistryImpl/"
[03:12:02] [main/TRACE] [REI] [REIServerPlugin END] Reloading Section: "post-stage/SlotAccessorRegistryImpl/" done in 4.899 μs
[03:12:02] [main/TRACE] [REI] [REIServerPlugin END] Reloading Section: "post-stage/" done in 222.7 μs
[03:12:02] [main/DEBUG] [REI] ========================================
[03:12:02] [main/INFO] [REI] REIServerPlugin finished post-reload for END in 827.3 μs, totaling 8.565 ms.
[03:12:02] [main/DEBUG] [REI] ========================================
